********************************************************************************
DUPLICATOR-LITE PACKAGE-LOG: 10 July, 2020 6:43 pm
NOTICE: Do NOT post to public sites or forums 
********************************************************************************
VERSION:	1.3.18
WORDPRESS:	5.2.7
PHP INFO:	7.4.2 | SAPI: apache2handler
SERVER:		Apache/2.2.34 (Unix) mod_wsgi/3.5 Python/2.7.13 PHP/7.4.2 mod_ssl/2.2.34 OpenSSL/1.0.2o DAV/2 mod_fastcgi/mod_fastcgi-SNAP-0910052141 mod_perl/2.0.11 Perl/v5.24.0 
PHP TIME LIMIT: (0) no time limit imposed 
PHP MAX MEMORY: 4294967296 (128M default) 
MEMORY STACK: 10.5MB

********************************************************************************
DATABASE:
********************************************************************************
BUILD MODE:   PHP(query limit - 100)
MYSQLTIMEOUT: 5000
MYSQLDUMP:    Not Supported
TABLES: total:19 | filtered:0 | create:19
FILTERED: []
SQL CREATED: 20190814_studio_edf71162c8675a424167_20200710184345_database.sql
SQL FILE SIZE: 345.17KB (353458)
SQL FILE TIME: 2020-07-10 18:43:59
SQL RUNTIME: 0.41 sec.

********************************************************************************
ARCHIVE (ZIP):
********************************************************************************
ARCHIVE DIR:  /Applications/MAMP/htdocs/studio
ARCHIVE FILE: 20190814_studio_edf71162c8675a424167_20200710184345_archive.zip
FILTERS: *OFF*
DIRS:
	not set
FILES:
	not set
EXTS:  not set
----------------------------------------
COMPRESSING
SIZE:	82.26MB
STATS:	Dirs 691 | Files 3,823
SQL ADDED: 20190814_studio_edf71162c8675a424167_20200710184345_database.sql
ZipArchive Object
(
    [status] => 0
    [statusSys] => 0
    [numFiles] => 4514
    [filename] => /Applications/MAMP/htdocs/studio/wp-snapshots/tmp/20190814_studio_edf71162c8675a424167_20200710184345_archive.zip
    [comment] => 
)

FILE ADDED TO ZIP: 4513
COMPRESSION RESULT: '1'
COMPRESSED SIZE: 30.85MB
ARCHIVE RUNTIME: 12.54 sec.
MEMORY STACK: 10.5MB
building installer
add_extra_files1
add_extra_files2
add_extra_files3
add_extra_files4
Doing archive file check
add_extra_files5
add_extra_files6
add_extra_files8
Successfully opened zip /Applications/MAMP/htdocs/studio/wp-snapshots/tmp/20190814_studio_edf71162c8675a424167_20200710184345_archive.zip
Adding enhanced installer files to archive using ZipArchive
Installer files added to archive
Added to archive
After ziparchive close when adding installer

********************************************************************************
INTEGRITY CHECKS:
********************************************************************************
SQL FILE: 345.17KB
INSTALLER FILE: 59.37KB
ARCHIVE FILE: 32.17MB 
EXPECTED FILE/DIRECTORY COUNT: 4,514
ACTUAL FILE/DIRECTORY COUNT: 4,513
ARCHIVE CONSISTENCY TEST: Pass

********************************************************************************
RECORD ID:[2]
TOTAL PROCESS RUNTIME: 15.41 sec.
PEAK PHP MEMORY USED: 12.5MB
DONE PROCESSING => 20190814_studio 10 July, 2020 6:44 pm

